{"/Users/kenny/dochat/src/store/actions/actions.ts": {"path":"/Users/kenny/dochat/src/store/actions/actions.ts","statementMap":{"0":{"start":{"line":1,"column":0},"end":{"line":1,"column":255}},"1":{"start":{"line":3,"column":13},"end":{"line":9,"column":null}},"2":{"start":{"line":3,"column":37},"end":{"line":9,"column":null}},"3":{"start":{"line":4,"column":4},"end":{"line":4,"column":36}},"4":{"start":{"line":5,"column":4},"end":{"line":8,"column":60}},"5":{"start":{"line":6,"column":17},"end":{"line":6,"column":28}},"6":{"start":{"line":7,"column":18},"end":{"line":7,"column":64}},"7":{"start":{"line":8,"column":16},"end":{"line":8,"column":59}},"8":{"start":{"line":11,"column":13},"end":{"line":14,"column":3}},"9":{"start":{"line":11,"column":47},"end":{"line":14,"column":3}},"10":{"start":{"line":16,"column":13},"end":{"line":19,"column":3}},"11":{"start":{"line":16,"column":50},"end":{"line":19,"column":3}},"12":{"start":{"line":21,"column":13},"end":{"line":24,"column":3}},"13":{"start":{"line":21,"column":41},"end":{"line":24,"column":3}},"14":{"start":{"line":26,"column":13},"end":{"line":29,"column":3}},"15":{"start":{"line":26,"column":45},"end":{"line":29,"column":3}},"16":{"start":{"line":31,"column":13},"end":{"line":34,"column":3}},"17":{"start":{"line":31,"column":44},"end":{"line":34,"column":3}},"18":{"start":{"line":36,"column":13},"end":{"line":38,"column":3}},"19":{"start":{"line":36,"column":30},"end":{"line":38,"column":3}},"20":{"start":{"line":40,"column":13},"end":{"line":43,"column":3}},"21":{"start":{"line":40,"column":47},"end":{"line":43,"column":3}},"22":{"start":{"line":45,"column":13},"end":{"line":48,"column":3}},"23":{"start":{"line":45,"column":49},"end":{"line":48,"column":3}},"24":{"start":{"line":50,"column":13},"end":{"line":53,"column":3}},"25":{"start":{"line":50,"column":51},"end":{"line":53,"column":3}},"26":{"start":{"line":55,"column":13},"end":{"line":58,"column":3}},"27":{"start":{"line":55,"column":49},"end":{"line":58,"column":3}},"28":{"start":{"line":60,"column":13},"end":{"line":62,"column":3}},"29":{"start":{"line":60,"column":36},"end":{"line":62,"column":3}},"30":{"start":{"line":64,"column":13},"end":{"line":67,"column":3}},"31":{"start":{"line":64,"column":51},"end":{"line":67,"column":3}}},"fnMap":{"0":{"name":"(anonymous_0)","decl":{"start":{"line":3,"column":31},"end":{"line":3,"column":37}},"loc":{"start":{"line":3,"column":31},"end":{"line":3,"column":38}}},"1":{"name":"(anonymous_1)","decl":{"start":{"line":3,"column":37},"end":{"line":3,"column":38}},"loc":{"start":{"line":3,"column":51},"end":{"line":9,"column":1}}},"2":{"name":"(anonymous_2)","decl":{"start":{"line":6,"column":10},"end":{"line":6,"column":13}},"loc":{"start":{"line":6,"column":13},"end":{"line":6,"column":20}}},"3":{"name":"(anonymous_3)","decl":{"start":{"line":7,"column":10},"end":{"line":7,"column":14}},"loc":{"start":{"line":7,"column":14},"end":{"line":7,"column":26}}},"4":{"name":"(anonymous_4)","decl":{"start":{"line":8,"column":11},"end":{"line":8,"column":12}},"loc":{"start":{"line":8,"column":12},"end":{"line":8,"column":24}}},"5":{"name":"(anonymous_5)","decl":{"start":{"line":11,"column":30},"end":{"line":11,"column":31}},"loc":{"start":{"line":11,"column":43},"end":{"line":11,"column":48}}},"6":{"name":"(anonymous_6)","decl":{"start":{"line":16,"column":30},"end":{"line":16,"column":31}},"loc":{"start":{"line":16,"column":45},"end":{"line":16,"column":51}}},"7":{"name":"(anonymous_7)","decl":{"start":{"line":21,"column":23},"end":{"line":21,"column":24}},"loc":{"start":{"line":21,"column":37},"end":{"line":21,"column":42}}},"8":{"name":"(anonymous_8)","decl":{"start":{"line":26,"column":27},"end":{"line":26,"column":28}},"loc":{"start":{"line":26,"column":40},"end":{"line":26,"column":46}}},"9":{"name":"(anonymous_9)","decl":{"start":{"line":31,"column":26},"end":{"line":31,"column":27}},"loc":{"start":{"line":31,"column":39},"end":{"line":31,"column":45}}},"10":{"name":"(anonymous_10)","decl":{"start":{"line":36,"column":26},"end":{"line":36,"column":30}},"loc":{"start":{"line":36,"column":26},"end":{"line":36,"column":31}}},"11":{"name":"(anonymous_11)","decl":{"start":{"line":40,"column":28},"end":{"line":40,"column":29}},"loc":{"start":{"line":40,"column":42},"end":{"line":40,"column":48}}},"12":{"name":"(anonymous_12)","decl":{"start":{"line":45,"column":30},"end":{"line":45,"column":31}},"loc":{"start":{"line":45,"column":44},"end":{"line":45,"column":50}}},"13":{"name":"(anonymous_13)","decl":{"start":{"line":50,"column":30},"end":{"line":50,"column":31}},"loc":{"start":{"line":50,"column":47},"end":{"line":50,"column":52}}},"14":{"name":"(anonymous_14)","decl":{"start":{"line":55,"column":29},"end":{"line":55,"column":30}},"loc":{"start":{"line":55,"column":44},"end":{"line":55,"column":50}}},"15":{"name":"(anonymous_15)","decl":{"start":{"line":60,"column":30},"end":{"line":60,"column":36}},"loc":{"start":{"line":60,"column":30},"end":{"line":60,"column":37}}},"16":{"name":"(anonymous_16)","decl":{"start":{"line":64,"column":31},"end":{"line":64,"column":32}},"loc":{"start":{"line":64,"column":46},"end":{"line":64,"column":52}}}},"branchMap":{},"s":{"0":1,"1":1,"2":0,"3":0,"4":0,"5":0,"6":0,"7":0,"8":1,"9":1,"10":1,"11":1,"12":1,"13":1,"14":1,"15":1,"16":1,"17":1,"18":1,"19":0,"20":1,"21":1,"22":1,"23":1,"24":1,"25":1,"26":1,"27":1,"28":1,"29":0,"30":1,"31":1},"f":{"0":0,"1":0,"2":0,"3":0,"4":0,"5":1,"6":1,"7":1,"8":1,"9":1,"10":0,"11":1,"12":1,"13":1,"14":1,"15":0,"16":1},"b":{}}
,"/Users/kenny/dochat/src/store/constants/constants.ts": {"path":"/Users/kenny/dochat/src/store/constants/constants.ts","statementMap":{"0":{"start":{"line":1,"column":13},"end":{"line":1,"column":54}},"1":{"start":{"line":2,"column":13},"end":{"line":2,"column":52}},"2":{"start":{"line":3,"column":13},"end":{"line":3,"column":52}},"3":{"start":{"line":4,"column":13},"end":{"line":4,"column":58}},"4":{"start":{"line":5,"column":13},"end":{"line":5,"column":50}},"5":{"start":{"line":6,"column":13},"end":{"line":6,"column":45}},"6":{"start":{"line":7,"column":13},"end":{"line":7,"column":52}},"7":{"start":{"line":8,"column":13},"end":{"line":8,"column":50}},"8":{"start":{"line":9,"column":13},"end":{"line":9,"column":50}},"9":{"start":{"line":10,"column":13},"end":{"line":10,"column":52}},"10":{"start":{"line":11,"column":13},"end":{"line":11,"column":58}},"11":{"start":{"line":12,"column":13},"end":{"line":12,"column":50}},"12":{"start":{"line":13,"column":13},"end":{"line":13,"column":58}},"13":{"start":{"line":14,"column":13},"end":{"line":14,"column":54}},"14":{"start":{"line":15,"column":13},"end":{"line":15,"column":55}}},"fnMap":{},"branchMap":{},"s":{"0":4,"1":4,"2":4,"3":4,"4":4,"5":4,"6":4,"7":4,"8":4,"9":4,"10":4,"11":4,"12":4,"13":4,"14":4},"f":{},"b":{}}
,"/Users/kenny/dochat/src/store/reducers/chatReducer.ts": {"path":"/Users/kenny/dochat/src/store/reducers/chatReducer.ts","statementMap":{"0":{"start":{"line":1,"column":0},"end":{"line":1,"column":57}},"1":{"start":{"line":3,"column":21},"end":{"line":5,"column":null}},"2":{"start":{"line":7,"column":13},"end":{"line":14,"column":null}},"3":{"start":{"line":7,"column":28},"end":{"line":7,"column":50}},"4":{"start":{"line":8,"column":4},"end":{"line":13,"column":null}},"5":{"start":{"line":10,"column":12},"end":{"line":10,"column":58}},"6":{"start":{"line":12,"column":12},"end":{"line":12,"column":25}}},"fnMap":{"0":{"name":"(anonymous_2)","decl":{"start":{"line":7,"column":27},"end":{"line":7,"column":28}},"loc":{"start":{"line":7,"column":61},"end":{"line":14,"column":1}}}},"branchMap":{"0":{"loc":{"start":{"line":7,"column":28},"end":{"line":7,"column":50}},"type":"if","locations":[{"start":{"line":7,"column":28},"end":{"line":7,"column":50}},{"start":{"line":7,"column":28},"end":{"line":7,"column":50}}]},"1":{"loc":{"start":{"line":9,"column":8},"end":{"line":10,"column":58}},"type":"switch","locations":[{"start":{"line":9,"column":8},"end":{"line":10,"column":58}},{"start":{"line":11,"column":8},"end":{"line":12,"column":25}}]}},"s":{"0":1,"1":1,"2":1,"3":3,"4":2,"5":1,"6":1},"f":{"0":2},"b":{"0":[1,1],"1":[1,1]}}
,"/Users/kenny/dochat/src/store/reducers/roomsReducer.ts": {"path":"/Users/kenny/dochat/src/store/reducers/roomsReducer.ts","statementMap":{"0":{"start":{"line":1,"column":0},"end":{"line":1,"column":162}},"1":{"start":{"line":18,"column":37},"end":{"line":26,"column":null}},"2":{"start":{"line":28,"column":13},"end":{"line":61,"column":null}},"3":{"start":{"line":28,"column":29},"end":{"line":28,"column":51}},"4":{"start":{"line":29,"column":4},"end":{"line":60,"column":null}},"5":{"start":{"line":31,"column":12},"end":{"line":31,"column":47}},"6":{"start":{"line":33,"column":12},"end":{"line":33,"column":71}},"7":{"start":{"line":35,"column":12},"end":{"line":35,"column":71}},"8":{"start":{"line":37,"column":12},"end":{"line":37,"column":58}},"9":{"start":{"line":39,"column":142},"end":{"line":39,"column":144}},"10":{"start":{"line":40,"column":12},"end":{"line":48,"column":null}},"11":{"start":{"line":46,"column":27},"end":{"line":46,"column":38}},"12":{"start":{"line":47,"column":26},"end":{"line":47,"column":89}},"13":{"start":{"line":47,"column":58},"end":{"line":47,"column":88}},"14":{"start":{"line":48,"column":24},"end":{"line":48,"column":39}},"15":{"start":{"line":49,"column":12},"end":{"line":49,"column":52}},"16":{"start":{"line":51,"column":12},"end":{"line":51,"column":56}},"17":{"start":{"line":53,"column":12},"end":{"line":53,"column":59}},"18":{"start":{"line":55,"column":12},"end":{"line":55,"column":139}},"19":{"start":{"line":57,"column":12},"end":{"line":57,"column":61}},"20":{"start":{"line":59,"column":12},"end":{"line":59,"column":25}}},"fnMap":{"0":{"name":"(anonymous_3)","decl":{"start":{"line":28,"column":28},"end":{"line":28,"column":29}},"loc":{"start":{"line":28,"column":65},"end":{"line":61,"column":1}}},"1":{"name":"(anonymous_4)","decl":{"start":{"line":46,"column":20},"end":{"line":46,"column":23}},"loc":{"start":{"line":46,"column":23},"end":{"line":46,"column":30}}},"2":{"name":"(anonymous_5)","decl":{"start":{"line":47,"column":18},"end":{"line":47,"column":22}},"loc":{"start":{"line":47,"column":22},"end":{"line":47,"column":34}}},"3":{"name":"(anonymous_6)","decl":{"start":{"line":47,"column":53},"end":{"line":47,"column":54}},"loc":{"start":{"line":47,"column":54},"end":{"line":47,"column":59}}},"4":{"name":"(anonymous_7)","decl":{"start":{"line":48,"column":19},"end":{"line":48,"column":20}},"loc":{"start":{"line":48,"column":20},"end":{"line":48,"column":31}}}},"branchMap":{"0":{"loc":{"start":{"line":28,"column":29},"end":{"line":28,"column":51}},"type":"if","locations":[{"start":{"line":28,"column":29},"end":{"line":28,"column":51}},{"start":{"line":28,"column":29},"end":{"line":28,"column":51}}]},"1":{"loc":{"start":{"line":30,"column":8},"end":{"line":31,"column":47}},"type":"switch","locations":[{"start":{"line":30,"column":8},"end":{"line":31,"column":47}},{"start":{"line":32,"column":8},"end":{"line":33,"column":71}},{"start":{"line":34,"column":8},"end":{"line":35,"column":71}},{"start":{"line":36,"column":8},"end":{"line":37,"column":58}},{"start":{"line":38,"column":8},"end":{"line":49,"column":52}},{"start":{"line":50,"column":8},"end":{"line":51,"column":56}},{"start":{"line":52,"column":8},"end":{"line":53,"column":59}},{"start":{"line":54,"column":8},"end":{"line":55,"column":139}},{"start":{"line":56,"column":8},"end":{"line":57,"column":61}},{"start":{"line":58,"column":8},"end":{"line":59,"column":25}}]},"2":{"loc":{"start":{"line":47,"column":79},"end":{"line":47,"column":83}},"type":"cond-expr","locations":[{"start":{"line":47,"column":79},"end":{"line":47,"column":83}},{"start":{"line":47,"column":86},"end":{"line":47,"column":87}}]}},"s":{"0":1,"1":1,"2":1,"3":15,"4":10,"5":1,"6":1,"7":1,"8":1,"9":0,"10":0,"11":0,"12":0,"13":0,"14":0,"15":0,"16":1,"17":1,"18":1,"19":1,"20":2},"f":{"0":10,"1":0,"2":0,"3":0,"4":0},"b":{"0":[5,5],"1":[1,1,1,1,0,1,1,1,1,2],"2":[0,0]}}
,"/Users/kenny/dochat/src/store/reducers/settingsReducer.ts": {"path":"/Users/kenny/dochat/src/store/reducers/settingsReducer.ts","statementMap":{"0":{"start":{"line":1,"column":0},"end":{"line":1,"column":116}},"1":{"start":{"line":3,"column":24},"end":{"line":8,"column":null}},"2":{"start":{"line":10,"column":24},"end":{"line":10,"column":58}},"3":{"start":{"line":17,"column":13},"end":{"line":32,"column":null}},"4":{"start":{"line":17,"column":32},"end":{"line":17,"column":57}},"5":{"start":{"line":18,"column":4},"end":{"line":31,"column":null}},"6":{"start":{"line":20,"column":12},"end":{"line":20,"column":53}},"7":{"start":{"line":22,"column":12},"end":{"line":22,"column":53}},"8":{"start":{"line":24,"column":12},"end":{"line":24,"column":63}},"9":{"start":{"line":26,"column":12},"end":{"line":26,"column":56}},"10":{"start":{"line":28,"column":12},"end":{"line":28,"column":71}},"11":{"start":{"line":30,"column":12},"end":{"line":30,"column":25}}},"fnMap":{"0":{"name":"(anonymous_2)","decl":{"start":{"line":17,"column":31},"end":{"line":17,"column":32}},"loc":{"start":{"line":17,"column":71},"end":{"line":32,"column":1}}}},"branchMap":{"0":{"loc":{"start":{"line":17,"column":32},"end":{"line":17,"column":57}},"type":"if","locations":[{"start":{"line":17,"column":32},"end":{"line":17,"column":57}},{"start":{"line":17,"column":32},"end":{"line":17,"column":57}}]},"1":{"loc":{"start":{"line":19,"column":8},"end":{"line":20,"column":53}},"type":"switch","locations":[{"start":{"line":19,"column":8},"end":{"line":20,"column":53}},{"start":{"line":21,"column":8},"end":{"line":22,"column":53}},{"start":{"line":23,"column":8},"end":{"line":24,"column":63}},{"start":{"line":25,"column":8},"end":{"line":26,"column":56}},{"start":{"line":27,"column":8},"end":{"line":28,"column":71}},{"start":{"line":29,"column":8},"end":{"line":30,"column":25}}]}},"s":{"0":1,"1":1,"2":1,"3":1,"4":7,"5":6,"6":1,"7":1,"8":1,"9":1,"10":1,"11":1},"f":{"0":6},"b":{"0":[1,5],"1":[1,1,1,1,1,1]}}
}
