TN:
SF:src/store/actions/actions.ts
FN:3,(anonymous_0)
FN:3,(anonymous_1)
FN:6,(anonymous_2)
FN:7,(anonymous_3)
FN:8,(anonymous_4)
FN:11,(anonymous_5)
FN:16,(anonymous_6)
FN:21,(anonymous_7)
FN:26,(anonymous_8)
FN:31,(anonymous_9)
FN:36,(anonymous_10)
FN:40,(anonymous_11)
FN:45,(anonymous_12)
FN:50,(anonymous_13)
FN:55,(anonymous_14)
FN:60,(anonymous_15)
FN:64,(anonymous_16)
FNF:17
FNH:10
FNDA:0,(anonymous_0)
FNDA:0,(anonymous_1)
FNDA:0,(anonymous_2)
FNDA:0,(anonymous_3)
FNDA:0,(anonymous_4)
FNDA:1,(anonymous_5)
FNDA:1,(anonymous_6)
FNDA:1,(anonymous_7)
FNDA:1,(anonymous_8)
FNDA:1,(anonymous_9)
FNDA:0,(anonymous_10)
FNDA:1,(anonymous_11)
FNDA:1,(anonymous_12)
FNDA:1,(anonymous_13)
FNDA:1,(anonymous_14)
FNDA:0,(anonymous_15)
FNDA:1,(anonymous_16)
DA:1,1
DA:3,1
DA:4,0
DA:5,0
DA:6,0
DA:7,0
DA:8,0
DA:11,1
DA:16,1
DA:21,1
DA:26,1
DA:31,1
DA:36,1
DA:40,1
DA:45,1
DA:50,1
DA:55,1
DA:60,1
DA:64,1
LF:19
LH:14
BRF:0
BRH:0
end_of_record
TN:
SF:src/store/constants/constants.ts
FNF:0
FNH:0
DA:1,4
DA:2,4
DA:3,4
DA:4,4
DA:5,4
DA:6,4
DA:7,4
DA:8,4
DA:9,4
DA:10,4
DA:11,4
DA:12,4
DA:13,4
DA:14,4
DA:15,4
LF:15
LH:15
BRF:0
BRH:0
end_of_record
TN:
SF:src/store/reducers/chatReducer.ts
FN:7,(anonymous_2)
FNF:1
FNH:1
FNDA:2,(anonymous_2)
DA:1,1
DA:3,1
DA:7,3
DA:8,2
DA:10,1
DA:12,1
LF:6
LH:6
BRDA:7,0,0,1
BRDA:7,0,1,1
BRDA:9,1,0,1
BRDA:9,1,1,1
BRF:4
BRH:4
end_of_record
TN:
SF:src/store/reducers/roomsReducer.ts
FN:28,(anonymous_3)
FN:46,(anonymous_4)
FN:47,(anonymous_5)
FN:47,(anonymous_6)
FN:48,(anonymous_7)
FNF:5
FNH:1
FNDA:10,(anonymous_3)
FNDA:0,(anonymous_4)
FNDA:0,(anonymous_5)
FNDA:0,(anonymous_6)
FNDA:0,(anonymous_7)
DA:1,1
DA:18,1
DA:28,15
DA:29,10
DA:31,1
DA:33,1
DA:35,1
DA:37,1
DA:39,0
DA:40,0
DA:46,0
DA:47,0
DA:48,0
DA:49,0
DA:51,1
DA:53,1
DA:55,1
DA:57,1
DA:59,2
LF:19
LH:13
BRDA:28,0,0,5
BRDA:28,0,1,5
BRDA:30,1,0,1
BRDA:30,1,1,1
BRDA:30,1,2,1
BRDA:30,1,3,1
BRDA:30,1,4,0
BRDA:30,1,5,1
BRDA:30,1,6,1
BRDA:30,1,7,1
BRDA:30,1,8,1
BRDA:30,1,9,2
BRDA:47,2,0,0
BRDA:47,2,1,0
BRF:14
BRH:11
end_of_record
TN:
SF:src/store/reducers/settingsReducer.ts
FN:17,(anonymous_2)
FNF:1
FNH:1
FNDA:6,(anonymous_2)
DA:1,1
DA:3,1
DA:10,1
DA:17,7
DA:18,6
DA:20,1
DA:22,1
DA:24,1
DA:26,1
DA:28,1
DA:30,1
LF:11
LH:11
BRDA:17,0,0,1
BRDA:17,0,1,5
BRDA:19,1,0,1
BRDA:19,1,1,1
BRDA:19,1,2,1
BRDA:19,1,3,1
BRDA:19,1,4,1
BRDA:19,1,5,1
BRF:8
BRH:8
end_of_record
